# JRE version: Java(TM) SE Runtime Environment (8.0_77-b03) (build 1.8.0_77-b03)
# Java VM: Java HotSpot(TM) 64-Bit Server VM (25.77-b03 mixed mode windows-amd64 compressed oops)
Heap:
 par new generation   total 118016K, used 62515K [0x00000000c0000000, 0x00000000c8000000, 0x00000000c8000000)
  eden space 104960K,  49% used [0x00000000c0000000, 0x00000000c328c838, 0x00000000c6680000)
  from space 13056K,  82% used [0x00000000c6680000, 0x00000000c7100690, 0x00000000c7340000)
  to   space 13056K,   0% used [0x00000000c7340000, 0x00000000c7340000, 0x00000000c8000000)
 concurrent mark-sweep generation total 439928K, used 265176K [0x00000000c8000000, 0x00000000e2d9e000, 0x0000000100000000)
 Metaspace       used 78463K, capacity 78917K, committed 79616K, reserved 1116160K
  class space    used 11765K, capacity 11932K, committed 12032K, reserved 1048576K
GC Heap History (10 events):
Event: 51.939 GC heap before
{Heap before GC invocations=95 (full 16):
 par new generation   total 118016K, used 110143K [0x00000000c0000000, 0x00000000c8000000, 0x00000000c8000000)
  eden space 104960K, 100% used [0x00000000c0000000, 0x00000000c6680000, 0x00000000c6680000)
  from space 13056K,  39% used [0x00000000c7340000, 0x00000000c784fec0, 0x00000000c8000000)
  to   space 13056K,   0% used [0x00000000c6680000, 0x00000000c6680000, 0x00000000c7340000)
 concurrent mark-sweep generation total 374672K, used 268414K [0x00000000c8000000, 0x00000000dede4000, 0x0000000100000000)
 Metaspace       used 75269K, capacity 75685K, committed 76416K, reserved 1114112K
  class space    used 11260K, capacity 11388K, committed 11392K, reserved 1048576K
Event: 51.943 GC heap after
Heap after GC invocations=96 (full 16):
 par new generation   total 118016K, used 6461K [0x00000000c0000000, 0x00000000c8000000, 0x00000000c8000000)
  eden space 104960K,   0% used [0x00000000c0000000, 0x00000000c0000000, 0x00000000c6680000)
  from space 13056K,  49% used [0x00000000c6680000, 0x00000000c6ccf7e0, 0x00000000c7340000)
  to   space 13056K,   0% used [0x00000000c7340000, 0x00000000c7340000, 0x00000000c8000000)
 concurrent mark-sweep generation total 374672K, used 268414K [0x00000000c8000000, 0x00000000dede4000, 0x0000000100000000)
 Metaspace       used 75269K, capacity 75685K, committed 76416K, reserved 1114112K
  class space    used 11260K, capacity 11388K, committed 11392K, reserved 1048576K
}
Event: 52.293 GC heap before
{Heap before GC invocations=96 (full 16):
 par new generation   total 118016K, used 111421K [0x00000000c0000000, 0x00000000c8000000, 0x00000000c8000000)
  eden space 104960K, 100% used [0x00000000c0000000, 0x00000000c6680000, 0x00000000c6680000)
  from space 13056K,  49% used [0x00000000c6680000, 0x00000000c6ccf7e0, 0x00000000c7340000)
  to   space 13056K,   0% used [0x00000000c7340000, 0x00000000c7340000, 0x00000000c8000000)
 concurrent mark-sweep generation total 374672K, used 268169K [0x00000000c8000000, 0x00000000dede4000, 0x0000000100000000)
 Metaspace       used 75920K, capacity 76357K, committed 77056K, reserved 1114112K
  class space    used 11354K, capacity 11484K, committed 11520K, reserved 1048576K
Event: 52.297 GC heap after
Heap after GC invocations=97 (full 16):
 par new generation   total 118016K, used 7072K [0x00000000c0000000, 0x00000000c8000000, 0x00000000c8000000)
  eden space 104960K,   0% used [0x00000000c0000000, 0x00000000c0000000, 0x00000000c6680000)
  from space 13056K,  54% used [0x00000000c7340000, 0x00000000c7a280c8, 0x00000000c8000000)
  to   space 13056K,   0% used [0x00000000c6680000, 0x00000000c6680000, 0x00000000c7340000)
 concurrent mark-sweep generation total 374672K, used 268169K [0x00000000c8000000, 0x00000000dede4000, 0x0000000100000000)
 Metaspace       used 75920K, capacity 76357K, committed 77056K, reserved 1114112K
  class space    used 11354K, capacity 11484K, committed 11520K, reserved 1048576K
}
Event: 52.637 GC heap before
{Heap before GC invocations=97 (full 16):
 par new generation   total 118016K, used 112032K [0x00000000c0000000, 0x00000000c8000000, 0x00000000c8000000)
  eden space 104960K, 100% used [0x00000000c0000000, 0x00000000c6680000, 0x00000000c6680000)
  from space 13056K,  54% used [0x00000000c7340000, 0x00000000c7a280c8, 0x00000000c8000000)
  to   space 13056K,   0% used [0x00000000c6680000, 0x00000000c6680000, 0x00000000c7340000)
 concurrent mark-sweep generation total 439928K, used 263954K [0x00000000c8000000, 0x00000000e2d9e000, 0x0000000100000000)
 Metaspace       used 76560K, capacity 76965K, committed 77696K, reserved 1116160K
  class space    used 11456K, capacity 11580K, committed 11648K, reserved 1048576K
Event: 52.641 GC heap after
Heap after GC invocations=98 (full 16):
 par new generation   total 118016K, used 8674K [0x00000000c0000000, 0x00000000c8000000, 0x00000000c8000000)
  eden space 104960K,   0% used [0x00000000c0000000, 0x00000000c0000000, 0x00000000c6680000)
  from space 13056K,  66% used [0x00000000c6680000, 0x00000000c6ef8b68, 0x00000000c7340000)
  to   space 13056K,   0% used [0x00000000c7340000, 0x00000000c7340000, 0x00000000c8000000)
 concurrent mark-sweep generation total 439928K, used 263954K [0x00000000c8000000, 0x00000000e2d9e000, 0x0000000100000000)
 Metaspace       used 76560K, capacity 76965K, committed 77696K, reserved 1116160K
  class space    used 11456K, capacity 11580K, committed 11648K, reserved 1048576K
}
Event: 52.913 GC heap before
{Heap before GC invocations=98 (full 16):
 par new generation   total 118016K, used 113634K [0x00000000c0000000, 0x00000000c8000000, 0x00000000c8000000)
  eden space 104960K, 100% used [0x00000000c0000000, 0x00000000c6680000, 0x00000000c6680000)
  from space 13056K,  66% used [0x00000000c6680000, 0x00000000c6ef8b68, 0x00000000c7340000)
  to   space 13056K,   0% used [0x00000000c7340000, 0x00000000c7340000, 0x00000000c8000000)
 concurrent mark-sweep generation total 439928K, used 263954K [0x00000000c8000000, 0x00000000e2d9e000, 0x0000000100000000)
 Metaspace       used 77242K, capacity 77669K, committed 78336K, reserved 1116160K
  class space    used 11581K, capacity 11708K, committed 11776K, reserved 1048576K
Event: 52.919 GC heap after
Heap after GC invocations=99 (full 16):
 par new generation   total 118016K, used 8893K [0x00000000c0000000, 0x00000000c8000000, 0x00000000c8000000)
  eden space 104960K,   0% used [0x00000000c0000000, 0x00000000c0000000, 0x00000000c6680000)
  from space 13056K,  68% used [0x00000000c7340000, 0x00000000c7bef4f8, 0x00000000c8000000)
  to   space 13056K,   0% used [0x00000000c6680000, 0x00000000c6680000, 0x00000000c7340000)
 concurrent mark-sweep generation total 439928K, used 265176K [0x00000000c8000000, 0x00000000e2d9e000, 0x0000000100000000)
 Metaspace       used 77242K, capacity 77669K, committed 78336K, reserved 1116160K
  class space    used 11581K, capacity 11708K, committed 11776K, reserved 1048576K
}
Event: 53.218 GC heap before
{Heap before GC invocations=99 (full 17):
 par new generation   total 118016K, used 113853K [0x00000000c0000000, 0x00000000c8000000, 0x00000000c8000000)
  eden space 104960K, 100% used [0x00000000c0000000, 0x00000000c6680000, 0x00000000c6680000)
  from space 13056K,  68% used [0x00000000c7340000, 0x00000000c7bef4f8, 0x00000000c8000000)
  to   space 13056K,   0% used [0x00000000c6680000, 0x00000000c6680000, 0x00000000c7340000)
 concurrent mark-sweep generation total 439928K, used 265176K [0x00000000c8000000, 0x00000000e2d9e000, 0x0000000100000000)
 Metaspace       used 78030K, capacity 78437K, committed 79232K, reserved 1116160K
  class space    used 11709K, capacity 11836K, committed 11904K, reserved 1048576K
Event: 53.223 GC heap after
Heap after GC invocations=100 (full 17):
 par new generation   total 118016K, used 10753K [0x00000000c0000000, 0x00000000c8000000, 0x00000000c8000000)
  eden space 104960K,   0% used [0x00000000c0000000, 0x00000000c0000000, 0x00000000c6680000)
  from space 13056K,  82% used [0x00000000c6680000, 0x00000000c7100690, 0x00000000c7340000)
  to   space 13056K,   0% used [0x00000000c7340000, 0x00000000c7340000, 0x00000000c8000000)
 concurrent mark-sweep generation total 439928K, used 265176K [0x00000000c8000000, 0x00000000e2d9e000, 0x0000000100000000)
 Metaspace       used 78030K, capacity 78437K, committed 79232K, reserved 1116160K
  class space    used 11709K, capacity 11836K, committed 11904K, reserved 1048576K
}

